<?xml version="1.0" encoding="UTF-8"?>
<testsuite name="CalcurateV1Test" tests="1" skipped="0" failures="0" errors="0" timestamp="2022-07-02T06:32:45" hostname="kimtaehuns-MacBook-Pro.local" time="0.015">
  <properties/>
  <testcase name="test1()" classname="CalcurateV1Test" time="0.015"/>
  <system-out><![CDATA[]]></system-out>
  <system-err><![CDATA[]]></system-err>
</testsuite>
